<?xml version="1.0" encoding="UTF-8"?>
<testng-results ignored="0" total="1" passed="1" failed="0" skipped="0">
  <reporter-output>
  </reporter-output>
  <suite started-at="2025-06-19T19:01:14 IST" name="Default suite" finished-at="2025-06-19T19:01:33 IST" duration-ms="18792">
    <groups>
      <group name="cucumber">
        <method signature="AbstractTestNGCucumberTests.runScenario(io.cucumber.testng.PickleWrapper,io.cucumber.testng.FeatureWrapper)[pri:0, instance:TestRunner.Test@4961f6af]" name="runScenario" class="io.cucumber.testng.AbstractTestNGCucumberTests"/>
      </group> <!-- cucumber -->
    </groups>
    <test started-at="2025-06-19T19:01:14 IST" name="Default test" finished-at="2025-06-19T19:01:33 IST" duration-ms="18792">
      <class name="TestRunner.Test">
        <test-method is-config="true" signature="setUpClass(org.testng.ITestContext)[pri:0, instance:TestRunner.Test@4961f6af]" started-at="2025-06-19T19:01:14 IST" name="setUpClass" finished-at="2025-06-19T19:01:16 IST" duration-ms="2206" status="PASS">
          <params>
            <param index="0">
              <value>
                <![CDATA[org.testng.TestRunner@1daf3b44]]>
              </value>
            </param>
          </params>
          <reporter-output>
          </reporter-output>
        </test-method> <!-- setUpClass -->
        <test-method is-config="true" signature="suiteStart()[pri:0, instance:TestRunner.Test@4961f6af]" started-at="2025-06-19T19:01:16 IST" name="suiteStart" finished-at="2025-06-19T19:01:16 IST" duration-ms="9" status="PASS">
          <reporter-output>
          </reporter-output>
        </test-method> <!-- suiteStart -->
        <test-method signature="runScenario(io.cucumber.testng.PickleWrapper,io.cucumber.testng.FeatureWrapper)[pri:0, instance:TestRunner.Test@4961f6af]" started-at="2025-06-19T19:01:16 IST" name="runScenario" description="Runs Cucumber Scenarios" data-provider="scenarios" finished-at="2025-06-19T19:01:32 IST" duration-ms="15924" status="PASS">
          <params>
            <param index="0">
              <value>
                <![CDATA["User removes a product from the cart"]]>
              </value>
            </param>
            <param index="1">
              <value>
                <![CDATA["Full Signup, Login, and Cleanup Flow"]]>
              </value>
            </param>
          </params>
          <reporter-output>
          </reporter-output>
        </test-method> <!-- runScenario -->
        <test-method is-config="true" signature="suiteEnd()[pri:0, instance:TestRunner.Test@4961f6af]" started-at="2025-06-19T19:01:32 IST" name="suiteEnd" finished-at="2025-06-19T19:01:32 IST" duration-ms="3" status="PASS">
          <reporter-output>
          </reporter-output>
        </test-method> <!-- suiteEnd -->
        <test-method is-config="true" signature="tearDownClass()[pri:0, instance:TestRunner.Test@4961f6af]" started-at="2025-06-19T19:01:32 IST" name="tearDownClass" finished-at="2025-06-19T19:01:33 IST" duration-ms="462" status="PASS">
          <reporter-output>
          </reporter-output>
        </test-method> <!-- tearDownClass -->
      </class> <!-- TestRunner.Test -->
    </test> <!-- Default test -->
  </suite> <!-- Default suite -->
</testng-results>
