<?xml version="1.0" encoding="UTF-8"?>
<testsuite xmlns:xsi="http://www.w3.org/2001/XMLSchema-instance" xsi:noNamespaceSchemaLocation="https://maven.apache.org/surefire/maven-surefire-plugin/xsd/surefire-test-report-3.0.xsd" version="3.0" name="TestRunner.Test" time="24.035" tests="1" errors="0" skipped="0" failures="0">
  <properties>
[...]
</properties>
  <testcase name="runScenario[&quot;Verify category navigation and display of correct category pages&quot;, &quot;Full Signup, Login, and Cleanup Flow&quot;](1)" classname="TestRunner.Test" time="20.665">
    <system-out><![CDATA[=== TEST SUITE STARTED ===

@CategoryNavigation
Scenario: Verify category navigation and display of correct category pages    # src/test/resources/Features/SignupAccount.feature:203
  Given User launches the browser                                             # StepDefinitions.SignupDefinition.user_launches_the_browser()
  And User navigates to "http://automationexercise.com"                       # StepDefinitions.SignupDefinition.user_navigates_to(java.lang.String)
  Then Home page should be visible successfully                               # StepDefinitions.ContactDefinition.home_page_should_be_visible_successfully()
  Then Categories should be visible on the left sidebar                       # StepDefinitions.CategoryProductDefinition.categories_should_be_visible_on_the_left_sidebar()
  When User clicks on "Women" category                                        # StepDefinitions.CategoryProductDefinition.user_clicks_on_category(java.lang.String)
  And User clicks on "Tops" sub-category under "Women" category               # StepDefinitions.CategoryProductDefinition.user_clicks_on_sub_category_under_category(java.lang.String,java.lang.String)
  Then Category page should be displayed with heading "WOMEN - TOPS PRODUCTS" # StepDefinitions.CategoryProductDefinition.category_page_should_be_displayed_with_heading(java.lang.String)
  When User clicks on any sub-category under "Men" category                   # StepDefinitions.CategoryProductDefinition.user_clicks_on_any_sub_category_under_category(java.lang.String)
  Then User should be navigated to the corresponding "Men" category page      # StepDefinitions.CategoryProductDefinition.user_should_be_navigated_to_the_corresponding_category_page(java.lang.String)
]]></system-out>
    <system-err><![CDATA[SLF4J(W): No SLF4J providers were found.
SLF4J(W): Defaulting to no-operation (NOP) logger implementation
SLF4J(W): See https://www.slf4j.org/codes.html#noProviders for further details.
Jun 27, 2025 5:17:07 PM org.openqa.selenium.devtools.CdpVersionFinder findNearestMatch
WARNING: Unable to find CDP implementation matching 137
Jun 27, 2025 5:17:07 PM org.openqa.selenium.chromium.ChromiumDriver lambda$new$5
WARNING: Unable to find version of CDP to use for 137.0.7151.120. You may need to include a dependency on a specific version of the CDP using something similar to `org.seleniumhq.selenium:selenium-devtools-v86:4.21.0` where the version ("v86") matches the version of the chromium-based browser you're using and the version number of the artifact is the same as Selenium's.
]]></system-err>
  </testcase>
</testsuite>