<?xml version="1.0" encoding="UTF-8"?>
<testng-results ignored="0" total="1" passed="1" failed="0" skipped="0">
  <reporter-output>
  </reporter-output>
  <suite started-at="2025-07-02T15:00:10 IST" name="Default suite" finished-at="2025-07-02T15:01:23 IST" duration-ms="73397">
    <groups>
      <group name="cucumber">
        <method signature="AbstractTestNGCucumberTests.runScenario(io.cucumber.testng.PickleWrapper,io.cucumber.testng.FeatureWrapper)[pri:0, instance:TestRunner.Test@7530ad9c]" name="runScenario" class="io.cucumber.testng.AbstractTestNGCucumberTests"/>
      </group> <!-- cucumber -->
    </groups>
    <test started-at="2025-07-02T15:00:10 IST" name="Default test" finished-at="2025-07-02T15:01:23 IST" duration-ms="73397">
      <class name="TestRunner.Test">
        <test-method is-config="true" signature="setUpClass(org.testng.ITestContext)[pri:0, instance:TestRunner.Test@7530ad9c]" started-at="2025-07-02T15:00:10 IST" name="setUpClass" finished-at="2025-07-02T15:00:13 IST" duration-ms="2873" status="PASS">
          <params>
            <param index="0">
              <value>
                <![CDATA[org.testng.TestRunner@2e53b094]]>
              </value>
            </param>
          </params>
          <reporter-output>
          </reporter-output>
        </test-method> <!-- setUpClass -->
        <test-method is-config="true" signature="suiteStart()[pri:0, instance:TestRunner.Test@7530ad9c]" started-at="2025-07-02T15:00:13 IST" name="suiteStart" finished-at="2025-07-02T15:00:13 IST" duration-ms="4" status="PASS">
          <reporter-output>
          </reporter-output>
        </test-method> <!-- suiteStart -->
        <test-method signature="runScenario(io.cucumber.testng.PickleWrapper,io.cucumber.testng.FeatureWrapper)[pri:0, instance:TestRunner.Test@7530ad9c]" started-at="2025-07-02T15:00:13 IST" name="runScenario" description="Runs Cucumber Scenarios" data-provider="scenarios" finished-at="2025-07-02T15:01:22 IST" duration-ms="69741" status="PASS">
          <params>
            <param index="0">
              <value>
                <![CDATA["Verify Scroll Up without 'Arrow' button and Scroll Down functionality"]]>
              </value>
            </param>
            <param index="1">
              <value>
                <![CDATA["Full Signup, Login, and Cleanup Flow"]]>
              </value>
            </param>
          </params>
          <reporter-output>
          </reporter-output>
        </test-method> <!-- runScenario -->
        <test-method is-config="true" signature="suiteEnd()[pri:0, instance:TestRunner.Test@7530ad9c]" started-at="2025-07-02T15:01:22 IST" name="suiteEnd" finished-at="2025-07-02T15:01:22 IST" duration-ms="8" status="PASS">
          <reporter-output>
          </reporter-output>
        </test-method> <!-- suiteEnd -->
        <test-method is-config="true" signature="tearDownClass()[pri:0, instance:TestRunner.Test@7530ad9c]" started-at="2025-07-02T15:01:22 IST" name="tearDownClass" finished-at="2025-07-02T15:01:23 IST" duration-ms="566" status="PASS">
          <reporter-output>
          </reporter-output>
        </test-method> <!-- tearDownClass -->
      </class> <!-- TestRunner.Test -->
    </test> <!-- Default test -->
  </suite> <!-- Default suite -->
</testng-results>
